app/build/outputs/logs/manifest-merger-debug-report.txt
-- Merging decision tree log ---
manifest
ADDED from src/main/AndroidManifest.xml:2:1-46:12
	package
		ADDED from src/main/AndroidManifest.xml:3:5-39
		INJECTED from src/main/AndroidManifest.xml
		INJECTED from src/main/AndroidManifest.xml
	android:versionName
		ADDED from src/main/AndroidManifest.xml:5:5-30
		INJECTED from src/main/AndroidManifest.xml
		INJECTED from src/main/AndroidManifest.xml
	android:versionCode
		ADDED from src/main/AndroidManifest.xml:4:5-28
		INJECTED from src/main/AndroidManifest.xml
		INJECTED from src/main/AndroidManifest.xml
	xmlns:android
		ADDED from src/main/AndroidManifest.xml:2:11-69
uses-sdk
ADDED from src/main/AndroidManifest.xml:7:5-9:41
	android:targetSdkVersion
		ADDED from src/main/AndroidManifest.xml:9:9-38
		INJECTED from src/main/AndroidManifest.xml
		INJECTED from src/main/AndroidManifest.xml
	android:minSdkVersion
		ADDED from src/main/AndroidManifest.xml:8:9-35
		INJECTED from src/main/AndroidManifest.xml
		INJECTED from src/main/AndroidManifest.xml
uses-permission#android.permission.VIBRATE
ADDED from src/main/AndroidManifest.xml:11:5-66
	android:name
		ADDED from src/main/AndroidManifest.xml:11:22-63
uses-permission#android.permission.INTERNET
ADDED from src/main/AndroidManifest.xml:12:5-67
	android:name
		ADDED from src/main/AndroidManifest.xml:12:22-64
android:uses-permission#android.permission.WRITE_EXTERNAL_STORAGE
ADDED from src/main/AndroidManifest.xml:14:5-89
	android:name
		ADDED from src/main/AndroidManifest.xml:14:30-86
android:uses-permission#android.permission.READ_PHONE_STATE
ADDED from src/main/AndroidManifest.xml:15:5-83
	android:name
		ADDED from src/main/AndroidManifest.xml:15:30-80
android:uses-permission#android.permission.READ_EXTERNAL_STORAGE
ADDED from src/main/AndroidManifest.xml:16:5-88
	android:name
		ADDED from src/main/AndroidManifest.xml:16:30-85
application
ADDED from src/main/AndroidManifest.xml:18:5-44:19
	android:label
		ADDED from src/main/AndroidManifest.xml:21:9-41
	android:allowBackup
		ADDED from src/main/AndroidManifest.xml:19:9-35
	android:icon
		ADDED from src/main/AndroidManifest.xml:20:9-38
	android:theme
		ADDED from src/main/AndroidManifest.xml:22:9-62
activity#com.example.draggridview.MainView
ADDED from src/main/AndroidManifest.xml:23:9-31:20
	android:label
		ADDED from src/main/AndroidManifest.xml:25:13-45
	android:name
		ADDED from src/main/AndroidManifest.xml:24:13-37
intent-filter#android.intent.action.MAIN+android.intent.category.LAUNCHER
ADDED from src/main/AndroidManifest.xml:26:13-30:29
action#android.intent.action.MAIN
ADDED from src/main/AndroidManifest.xml:27:17-69
	android:name
		ADDED from src/main/AndroidManifest.xml:27:25-66
category#android.intent.category.LAUNCHER
ADDED from src/main/AndroidManifest.xml:29:17-77
	android:name
		ADDED from src/main/AndroidManifest.xml:29:27-74
activity#com.example.draggridview.ShowInWebView
ADDED from src/main/AndroidManifest.xml:32:9-51
	android:name
		ADDED from src/main/AndroidManifest.xml:32:19-48
activity#com.example.draggridview.Join
ADDED from src/main/AndroidManifest.xml:33:9-42
	android:name
		ADDED from src/main/AndroidManifest.xml:33:19-39
activity#com.example.draggridview.JoinNext
ADDED from src/main/AndroidManifest.xml:34:9-46
	android:name
		ADDED from src/main/AndroidManifest.xml:34:19-43
activity#com.example.draggridview.Forget
ADDED from src/main/AndroidManifest.xml:35:9-44
	android:name
		ADDED from src/main/AndroidManifest.xml:35:19-41
activity#com.example.draggridview.List
ADDED from src/main/AndroidManifest.xml:36:9-42
	android:name
		ADDED from src/main/AndroidManifest.xml:36:19-39
activity#com.example.draggridview.ListViewCheckboxesActivity
ADDED from src/main/AndroidManifest.xml:37:9-64
	android:name
		ADDED from src/main/AndroidManifest.xml:37:19-61
activity#com.example.draggridview.NewUrl
ADDED from src/main/AndroidManifest.xml:38:9-44
	android:name
		ADDED from src/main/AndroidManifest.xml:38:19-41
activity#com.example.draggridview.ShowInWebViewNext
ADDED from src/main/AndroidManifest.xml:39:9-55
	android:name
		ADDED from src/main/AndroidManifest.xml:39:19-52
activity#com.example.draggridview.NewUrlNext
ADDED from src/main/AndroidManifest.xml:40:9-47
	android:name
		ADDED from src/main/AndroidManifest.xml:40:19-45
activity#com.example.draggridview.ListViewCheckboxesActivityNext
ADDED from src/main/AndroidManifest.xml:41:9-67
	android:name
		ADDED from src/main/AndroidManifest.xml:41:19-65
activity#com.example.draggridview.ShowInWebViewNext1
ADDED from src/main/AndroidManifest.xml:42:9-55
	android:name
		ADDED from src/main/AndroidManifest.xml:42:19-53
activity#com.example.draggridview.WebList
ADDED from src/main/AndroidManifest.xml:43:9-44
	android:name
		ADDED from src/main/AndroidManifest.xml:43:19-42